C:\USERS\NICHOLAS.SMITH\PERFORCE\NICHOLAS.SMITH_AIE-GREEN-26_6739\2013_YEAR1\ASSESSMENTS\NICHOLAS.SMITH\ASSESMENT 3 - UPDATED RG\MATHLIBRARY\MATHLIBRARY\OBJ\VEC4.OBJ
C:\USERS\NICHOLAS.SMITH\PERFORCE\NICHOLAS.SMITH_AIE-GREEN-26_6739\2013_YEAR1\ASSESSMENTS\NICHOLAS.SMITH\ASSESMENT 3 - UPDATED RG\MATHLIBRARY\MATHLIBRARY\OBJ\VEC3.OBJ
C:\USERS\NICHOLAS.SMITH\PERFORCE\NICHOLAS.SMITH_AIE-GREEN-26_6739\2013_YEAR1\ASSESSMENTS\NICHOLAS.SMITH\ASSESMENT 3 - UPDATED RG\MATHLIBRARY\MATHLIBRARY\OBJ\VEC2.OBJ
C:\USERS\NICHOLAS.SMITH\PERFORCE\NICHOLAS.SMITH_AIE-GREEN-26_6739\2013_YEAR1\ASSESSMENTS\NICHOLAS.SMITH\ASSESMENT 3 - UPDATED RG\MATHLIBRARY\MATHLIBRARY\OBJ\MATRIX4.OBJ
C:\USERS\NICHOLAS.SMITH\PERFORCE\NICHOLAS.SMITH_AIE-GREEN-26_6739\2013_YEAR1\ASSESSMENTS\NICHOLAS.SMITH\ASSESMENT 3 - UPDATED RG\MATHLIBRARY\MATHLIBRARY\OBJ\MATRIX3.OBJ
C:\USERS\NICHOLAS.SMITH\PERFORCE\NICHOLAS.SMITH_AIE-GREEN-26_6739\2013_YEAR1\ASSESSMENTS\NICHOLAS.SMITH\ASSESMENT 3 - UPDATED RG\MATHLIBRARY\MATHLIBRARY\OBJ\MATHS.OBJ
C:\USERS\NICHOLAS.SMITH\PERFORCE\NICHOLAS.SMITH_AIE-GREEN-26_6739\2013_YEAR1\ASSESSMENTS\NICHOLAS.SMITH\ASSESMENT 3 - UPDATED RG\MATHLIBRARY\MATHLIBRARY\OBJ\CONVERSIONS.OBJ
C:\USERS\NICHOLAS.SMITH\PERFORCE\NICHOLAS.SMITH_AIE-GREEN-26_6739\2013_YEAR1\ASSESSMENTS\NICHOLAS.SMITH\ASSESMENT 3 - UPDATED RG\MATHLIBRARY\MATHLIBRARY\OBJ\BITSET.OBJ
C:\USERS\NICHOLAS.SMITH\PERFORCE\NICHOLAS.SMITH_AIE-GREEN-26_6739\2013_YEAR1\ASSESSMENTS\NICHOLAS.SMITH\ASSESMENT 3 - UPDATED RG\MATHLIBRARY\MATHLIBRARY\OBJ\VC110.PDB
C:\USERS\NICHOLAS.SMITH\PERFORCE\NICHOLAS.SMITH_AIE-GREEN-26_6739\2013_YEAR1\ASSESSMENTS\NICHOLAS.SMITH\ASSESMENT 3 - UPDATED RG\MATHLIBRARY\MATHLIBRARY\LIBS\MATHLIBRARY.LIB
C:\USERS\NICHOLAS.SMITH\PERFORCE\NICHOLAS.SMITH_AIE-GREEN-26_6739\2013_YEAR1\ASSESSMENTS\NICHOLAS.SMITH\ASSESMENT 3 - UPDATED RG\MATHLIBRARY\MATHLIBRARY\LIBS\MATHLIBRARY_D.ILK
C:\USERS\NICHOLAS.SMITH\PERFORCE\NICHOLAS.SMITH_AIE-GREEN-26_6739\2013_YEAR1\ASSESSMENTS\NICHOLAS.SMITH\ASSESMENT 3 - UPDATED RG\MATHLIBRARY\MATHLIBRARY\LIBS\MATHLIBRARY_D.DLL
C:\USERS\NICHOLAS.SMITH\PERFORCE\NICHOLAS.SMITH_AIE-GREEN-26_6739\2013_YEAR1\ASSESSMENTS\NICHOLAS.SMITH\ASSESMENT 3 - UPDATED RG\MATHLIBRARY\MATHLIBRARY\LIBS\MATHLIBRARY_D.PDB
C:\Users\nicholas.smith\Perforce\nicholas.smith_AIE-GREEN-26_6739\2013_year1\assessments\nicholas.smith\Assesment 3 - Updated RG\MathLibrary\MathLibrary\libs\MathLibrary_d.lib
C:\Users\nicholas.smith\Perforce\nicholas.smith_AIE-GREEN-26_6739\2013_year1\assessments\nicholas.smith\Assesment 3 - Updated RG\MathLibrary\MathLibrary\libs\MathLibrary_d.exp
C:\Users\nicholas.smith\Perforce\nicholas.smith_AIE-GREEN-26_6739\2013_year1\assessments\nicholas.smith\Assesment 3 - Updated RG\MathLibrary\MathLibrary\obj\Bitset.obj
C:\Users\nicholas.smith\Perforce\nicholas.smith_AIE-GREEN-26_6739\2013_year1\assessments\nicholas.smith\Assesment 3 - Updated RG\MathLibrary\MathLibrary\obj\Conversions.obj
C:\Users\nicholas.smith\Perforce\nicholas.smith_AIE-GREEN-26_6739\2013_year1\assessments\nicholas.smith\Assesment 3 - Updated RG\MathLibrary\MathLibrary\obj\Maths.obj
C:\Users\nicholas.smith\Perforce\nicholas.smith_AIE-GREEN-26_6739\2013_year1\assessments\nicholas.smith\Assesment 3 - Updated RG\MathLibrary\MathLibrary\obj\Matrix3.obj
C:\Users\nicholas.smith\Perforce\nicholas.smith_AIE-GREEN-26_6739\2013_year1\assessments\nicholas.smith\Assesment 3 - Updated RG\MathLibrary\MathLibrary\obj\Matrix4.obj
C:\Users\nicholas.smith\Perforce\nicholas.smith_AIE-GREEN-26_6739\2013_year1\assessments\nicholas.smith\Assesment 3 - Updated RG\MathLibrary\MathLibrary\obj\Vec2.obj
C:\Users\nicholas.smith\Perforce\nicholas.smith_AIE-GREEN-26_6739\2013_year1\assessments\nicholas.smith\Assesment 3 - Updated RG\MathLibrary\MathLibrary\obj\Vec3.obj
C:\Users\nicholas.smith\Perforce\nicholas.smith_AIE-GREEN-26_6739\2013_year1\assessments\nicholas.smith\Assesment 3 - Updated RG\MathLibrary\MathLibrary\obj\Vec4.obj
C:\Users\nicholas.smith\Perforce\nicholas.smith_AIE-GREEN-26_6739\2013_year1\assessments\nicholas.smith\Assesment 3 - Updated RG\MathLibrary\MathLibrary\obj\cl.command.1.tlog
C:\Users\nicholas.smith\Perforce\nicholas.smith_AIE-GREEN-26_6739\2013_year1\assessments\nicholas.smith\Assesment 3 - Updated RG\MathLibrary\MathLibrary\obj\CL.read.1.tlog
C:\Users\nicholas.smith\Perforce\nicholas.smith_AIE-GREEN-26_6739\2013_year1\assessments\nicholas.smith\Assesment 3 - Updated RG\MathLibrary\MathLibrary\obj\CL.write.1.tlog
C:\Users\nicholas.smith\Perforce\nicholas.smith_AIE-GREEN-26_6739\2013_year1\assessments\nicholas.smith\Assesment 3 - Updated RG\MathLibrary\MathLibrary\obj\Lib-link.read.1.tlog
C:\Users\nicholas.smith\Perforce\nicholas.smith_AIE-GREEN-26_6739\2013_year1\assessments\nicholas.smith\Assesment 3 - Updated RG\MathLibrary\MathLibrary\obj\Lib-link.write.1.tlog
C:\Users\nicholas.smith\Perforce\nicholas.smith_AIE-GREEN-26_6739\2013_year1\assessments\nicholas.smith\Assesment 3 - Updated RG\MathLibrary\MathLibrary\obj\lib.command.1.tlog
C:\Users\nicholas.smith\Perforce\nicholas.smith_AIE-GREEN-26_6739\2013_year1\assessments\nicholas.smith\Assesment 3 - Updated RG\MathLibrary\MathLibrary\obj\link-cvtres.read.1.tlog
C:\Users\nicholas.smith\Perforce\nicholas.smith_AIE-GREEN-26_6739\2013_year1\assessments\nicholas.smith\Assesment 3 - Updated RG\MathLibrary\MathLibrary\obj\link-cvtres.write.1.tlog
C:\Users\nicholas.smith\Perforce\nicholas.smith_AIE-GREEN-26_6739\2013_year1\assessments\nicholas.smith\Assesment 3 - Updated RG\MathLibrary\MathLibrary\obj\link-rc.read.1.tlog
C:\Users\nicholas.smith\Perforce\nicholas.smith_AIE-GREEN-26_6739\2013_year1\assessments\nicholas.smith\Assesment 3 - Updated RG\MathLibrary\MathLibrary\obj\link-rc.write.1.tlog
C:\Users\nicholas.smith\Perforce\nicholas.smith_AIE-GREEN-26_6739\2013_year1\assessments\nicholas.smith\Assesment 3 - Updated RG\MathLibrary\MathLibrary\obj\link.command.1.tlog
C:\Users\nicholas.smith\Perforce\nicholas.smith_AIE-GREEN-26_6739\2013_year1\assessments\nicholas.smith\Assesment 3 - Updated RG\MathLibrary\MathLibrary\obj\link.read.1.tlog
C:\Users\nicholas.smith\Perforce\nicholas.smith_AIE-GREEN-26_6739\2013_year1\assessments\nicholas.smith\Assesment 3 - Updated RG\MathLibrary\MathLibrary\obj\link.write.1.tlog
C:\Users\nicholas.smith\Perforce\nicholas.smith_AIE-GREEN-26_6739\2013_year1\assessments\nicholas.smith\Assesment 3 - Updated RG\MathLibrary\MathLibrary\obj\MathLibrary.write.1.tlog
C:\Users\nicholas.smith\Perforce\nicholas.smith_AIE-GREEN-26_6739\2013_year1\assessments\nicholas.smith\Assesment 3 - Updated RG\MathLibrary\MathLibrary\obj\vc110.idb
C:\Users\nicholas.smith\Perforce\nicholas.smith_AIE-GREEN-26_6739\2013_year1\assessments\nicholas.smith\Assesment 3 - Updated RG\MathLibrary\MathLibrary\obj\vc110.pdb
C:\Users\nicholas.smith\Perforce\nicholas.smith_AIE-GREEN-26_6739\2013_year1\assessments\nicholas.smith\Assesment 3 - Updated RG\MathLibrary\MathLibrary\./libs\MathLibrary.lib
