Build started 25/11/2014 9:02:44 AM.
     1>Project "C:\Users\nicholas.smith\Perforce\nicholas.smith_AIE-GREEN-26_6739\2013_year1\assessments\nicholas.smith\Assesment 3 - Updated RG\Retro Game\Retro Game\Retro Game.vcxproj" on node 2 (Build target(s)).
     1>ClCompile:
         C:\Program Files (x86)\Microsoft Visual Studio 11.0\VC\bin\CL.exe /c /I./ /I./include/ /I./libs/Maths/include /ZI /nologo /W4 /WX- /Od /Oy- /D WIN32 /D _DEBUG /D _CONSOLE /D _MBCS /Gm /EHsc /RTC1 /MDd /GS /fp:precise /Zc:wchar_t /Zc:forScope /Fo"obj\\" /Fd"obj\vc110.pdb" /Gd /TP /analyze- /errorReport:prompt source\BomberJet.cpp source\Bullet.cpp source\Collision.cpp source\CreditsState.cpp source\Enemy.cpp source\EnemyManager.cpp source\FIghterJet.cpp source\GameEnd.cpp source\GameOverState.cpp source\GameState.cpp source\HighScoresState.cpp source\InputHandler.cpp source\Level.cpp source\main.cpp source\MainMenu.cpp source\Player.cpp source\SplashScreen.cpp source\Entity.cpp source\Sprites.cpp source\State.cpp source\StateManager.cpp
         StateManager.cpp
         State.cpp
         Sprites.cpp
         Entity.cpp
         SplashScreen.cpp
         Player.cpp
         MainMenu.cpp
         main.cpp
         Level.cpp
         InputHandler.cpp
         HighScoresState.cpp
         GameState.cpp
         GameOverState.cpp
         GameEnd.cpp
         FIghterJet.cpp
         EnemyManager.cpp
         Enemy.cpp
         CreditsState.cpp
         Collision.cpp
         Bullet.cpp
         Generating Code...
         Compiling...
         BomberJet.cpp
         Generating Code...
       Link:
         C:\Program Files (x86)\Microsoft Visual Studio 11.0\VC\bin\link.exe /ERRORREPORT:PROMPT /OUT:"bin\Retro Game_d.exe" /INCREMENTAL /NOLOGO /LIBPATH:./libs /LIBPATH:./libs/Maths/lib AIE_GL_Static_Framework_d.lib kernel32.lib MathLibrary_d.lib kernel32.lib user32.lib gdi32.lib winspool.lib comdlg32.lib advapi32.lib shell32.lib ole32.lib oleaut32.lib uuid.lib odbc32.lib odbccp32.lib /MANIFEST /ManifestFile:"obj\Retro Game_d.exe.intermediate.manifest" /MANIFESTUAC:"level='asInvoker' uiAccess='false'" /DEBUG /PDB:"bin\Retro Game_d.pdb" /TLBID:1 /DYNAMICBASE /NXCOMPAT /IMPLIB:"bin\Retro Game_d.lib" /MACHINE:X86 obj\BomberJet.obj
         obj\Bullet.obj
         obj\Collision.obj
         obj\CreditsState.obj
         obj\Enemy.obj
         obj\EnemyManager.obj
         obj\FIghterJet.obj
         obj\GameEnd.obj
         obj\GameOverState.obj
         obj\GameState.obj
         obj\HighScoresState.obj
         obj\InputHandler.obj
         obj\Level.obj
         obj\main.obj
         obj\MainMenu.obj
         obj\Player.obj
         obj\SplashScreen.obj
         obj\Entity.obj
         obj\Sprites.obj
         obj\State.obj
         obj\StateManager.obj
         Retro Game.vcxproj -> C:\Users\nicholas.smith\Perforce\nicholas.smith_AIE-GREEN-26_6739\2013_year1\assessments\nicholas.smith\Assesment 3 - Updated RG\Retro Game\Retro Game\bin\Retro Game_d.exe
       Manifest:
         C:\Program Files (x86)\Windows Kits\8.0\bin\x86\mt.exe /nologo /verbose /out:"C:\Users\nicholas.smith\Perforce\nicholas.smith_AIE-GREEN-26_6739\2013_year1\assessments\nicholas.smith\Assesment 3 - Updated RG\Retro Game\Retro Game\bin\Retro Game_d.exe.manifest" /manifest "obj\Retro Game_d.exe.intermediate.manifest"
     1>Done Building Project "C:\Users\nicholas.smith\Perforce\nicholas.smith_AIE-GREEN-26_6739\2013_year1\assessments\nicholas.smith\Assesment 3 - Updated RG\Retro Game\Retro Game\Retro Game.vcxproj" (Build target(s)).

Build succeeded.

Time Elapsed 00:00:06.81
