C:\USERS\NICHOLAS.SMITH\PERFORCE\NICHOLAS.SMITH_AIE-GREEN-26_6739\2013_YEAR1\ASSESSMENTS\NICHOLAS.SMITH\ASSESMENT 3 - UPDATED RG\RETRO GAME\RETRO GAME\OBJ\STATE.OBJ
C:\USERS\NICHOLAS.SMITH\PERFORCE\NICHOLAS.SMITH_AIE-GREEN-26_6739\2013_YEAR1\ASSESSMENTS\NICHOLAS.SMITH\ASSESMENT 3 - UPDATED RG\RETRO GAME\RETRO GAME\OBJ\SPRITES.OBJ
C:\USERS\NICHOLAS.SMITH\PERFORCE\NICHOLAS.SMITH_AIE-GREEN-26_6739\2013_YEAR1\ASSESSMENTS\NICHOLAS.SMITH\ASSESMENT 3 - UPDATED RG\RETRO GAME\RETRO GAME\OBJ\ENTITY.OBJ
C:\USERS\NICHOLAS.SMITH\PERFORCE\NICHOLAS.SMITH_AIE-GREEN-26_6739\2013_YEAR1\ASSESSMENTS\NICHOLAS.SMITH\ASSESMENT 3 - UPDATED RG\RETRO GAME\RETRO GAME\OBJ\SPLASHSCREEN.OBJ
C:\USERS\NICHOLAS.SMITH\PERFORCE\NICHOLAS.SMITH_AIE-GREEN-26_6739\2013_YEAR1\ASSESSMENTS\NICHOLAS.SMITH\ASSESMENT 3 - UPDATED RG\RETRO GAME\RETRO GAME\OBJ\PLAYER.OBJ
C:\USERS\NICHOLAS.SMITH\PERFORCE\NICHOLAS.SMITH_AIE-GREEN-26_6739\2013_YEAR1\ASSESSMENTS\NICHOLAS.SMITH\ASSESMENT 3 - UPDATED RG\RETRO GAME\RETRO GAME\OBJ\MAINMENU.OBJ
C:\USERS\NICHOLAS.SMITH\PERFORCE\NICHOLAS.SMITH_AIE-GREEN-26_6739\2013_YEAR1\ASSESSMENTS\NICHOLAS.SMITH\ASSESMENT 3 - UPDATED RG\RETRO GAME\RETRO GAME\OBJ\MAIN.OBJ
C:\USERS\NICHOLAS.SMITH\PERFORCE\NICHOLAS.SMITH_AIE-GREEN-26_6739\2013_YEAR1\ASSESSMENTS\NICHOLAS.SMITH\ASSESMENT 3 - UPDATED RG\RETRO GAME\RETRO GAME\OBJ\LEVEL.OBJ
C:\USERS\NICHOLAS.SMITH\PERFORCE\NICHOLAS.SMITH_AIE-GREEN-26_6739\2013_YEAR1\ASSESSMENTS\NICHOLAS.SMITH\ASSESMENT 3 - UPDATED RG\RETRO GAME\RETRO GAME\OBJ\INPUTHANDLER.OBJ
C:\USERS\NICHOLAS.SMITH\PERFORCE\NICHOLAS.SMITH_AIE-GREEN-26_6739\2013_YEAR1\ASSESSMENTS\NICHOLAS.SMITH\ASSESMENT 3 - UPDATED RG\RETRO GAME\RETRO GAME\OBJ\HIGHSCORESSTATE.OBJ
C:\USERS\NICHOLAS.SMITH\PERFORCE\NICHOLAS.SMITH_AIE-GREEN-26_6739\2013_YEAR1\ASSESSMENTS\NICHOLAS.SMITH\ASSESMENT 3 - UPDATED RG\RETRO GAME\RETRO GAME\OBJ\GAMESTATE.OBJ
C:\USERS\NICHOLAS.SMITH\PERFORCE\NICHOLAS.SMITH_AIE-GREEN-26_6739\2013_YEAR1\ASSESSMENTS\NICHOLAS.SMITH\ASSESMENT 3 - UPDATED RG\RETRO GAME\RETRO GAME\OBJ\GAMEOVERSTATE.OBJ
C:\USERS\NICHOLAS.SMITH\PERFORCE\NICHOLAS.SMITH_AIE-GREEN-26_6739\2013_YEAR1\ASSESSMENTS\NICHOLAS.SMITH\ASSESMENT 3 - UPDATED RG\RETRO GAME\RETRO GAME\OBJ\GAMEEND.OBJ
C:\USERS\NICHOLAS.SMITH\PERFORCE\NICHOLAS.SMITH_AIE-GREEN-26_6739\2013_YEAR1\ASSESSMENTS\NICHOLAS.SMITH\ASSESMENT 3 - UPDATED RG\RETRO GAME\RETRO GAME\OBJ\FIGHTERJET.OBJ
C:\USERS\NICHOLAS.SMITH\PERFORCE\NICHOLAS.SMITH_AIE-GREEN-26_6739\2013_YEAR1\ASSESSMENTS\NICHOLAS.SMITH\ASSESMENT 3 - UPDATED RG\RETRO GAME\RETRO GAME\OBJ\ENEMYMANAGER.OBJ
C:\USERS\NICHOLAS.SMITH\PERFORCE\NICHOLAS.SMITH_AIE-GREEN-26_6739\2013_YEAR1\ASSESSMENTS\NICHOLAS.SMITH\ASSESMENT 3 - UPDATED RG\RETRO GAME\RETRO GAME\OBJ\ENEMY.OBJ
C:\USERS\NICHOLAS.SMITH\PERFORCE\NICHOLAS.SMITH_AIE-GREEN-26_6739\2013_YEAR1\ASSESSMENTS\NICHOLAS.SMITH\ASSESMENT 3 - UPDATED RG\RETRO GAME\RETRO GAME\OBJ\CREDITSSTATE.OBJ
C:\USERS\NICHOLAS.SMITH\PERFORCE\NICHOLAS.SMITH_AIE-GREEN-26_6739\2013_YEAR1\ASSESSMENTS\NICHOLAS.SMITH\ASSESMENT 3 - UPDATED RG\RETRO GAME\RETRO GAME\OBJ\COLLISION.OBJ
C:\USERS\NICHOLAS.SMITH\PERFORCE\NICHOLAS.SMITH_AIE-GREEN-26_6739\2013_YEAR1\ASSESSMENTS\NICHOLAS.SMITH\ASSESMENT 3 - UPDATED RG\RETRO GAME\RETRO GAME\OBJ\BULLET.OBJ
C:\USERS\NICHOLAS.SMITH\PERFORCE\NICHOLAS.SMITH_AIE-GREEN-26_6739\2013_YEAR1\ASSESSMENTS\NICHOLAS.SMITH\ASSESMENT 3 - UPDATED RG\RETRO GAME\RETRO GAME\OBJ\BOMBERJET.OBJ
C:\USERS\NICHOLAS.SMITH\PERFORCE\NICHOLAS.SMITH_AIE-GREEN-26_6739\2013_YEAR1\ASSESSMENTS\NICHOLAS.SMITH\ASSESMENT 3 - UPDATED RG\RETRO GAME\RETRO GAME\OBJ\STATEMANAGER.OBJ
C:\USERS\NICHOLAS.SMITH\PERFORCE\NICHOLAS.SMITH_AIE-GREEN-26_6739\2013_YEAR1\ASSESSMENTS\NICHOLAS.SMITH\ASSESMENT 3 - UPDATED RG\RETRO GAME\RETRO GAME\BIN\RETRO GAME.ILK
C:\USERS\NICHOLAS.SMITH\PERFORCE\NICHOLAS.SMITH_AIE-GREEN-26_6739\2013_YEAR1\ASSESSMENTS\NICHOLAS.SMITH\ASSESMENT 3 - UPDATED RG\RETRO GAME\RETRO GAME\BIN\RETRO GAME.EXE
C:\USERS\NICHOLAS.SMITH\PERFORCE\NICHOLAS.SMITH_AIE-GREEN-26_6739\2013_YEAR1\ASSESSMENTS\NICHOLAS.SMITH\ASSESMENT 3 - UPDATED RG\RETRO GAME\RETRO GAME\OBJ\RETRO GAME.EXE.INTERMEDIATE.MANIFEST
C:\USERS\NICHOLAS.SMITH\PERFORCE\NICHOLAS.SMITH_AIE-GREEN-26_6739\2013_YEAR1\ASSESSMENTS\NICHOLAS.SMITH\ASSESMENT 3 - UPDATED RG\RETRO GAME\RETRO GAME\BIN\RETRO GAME_D.EXE.MANIFEST
C:\USERS\NICHOLAS.SMITH\PERFORCE\NICHOLAS.SMITH_AIE-GREEN-26_6739\2013_YEAR1\ASSESSMENTS\NICHOLAS.SMITH\ASSESMENT 3 - UPDATED RG\RETRO GAME\RETRO GAME\BIN\RETRO GAME.EXE.MANIFEST
C:\Users\nicholas.smith\Perforce\nicholas.smith_AIE-GREEN-26_6739\2013_year1\assessments\nicholas.smith\Assesment 3 - Updated RG\Retro Game\Retro Game\obj\BomberJet.obj
C:\Users\nicholas.smith\Perforce\nicholas.smith_AIE-GREEN-26_6739\2013_year1\assessments\nicholas.smith\Assesment 3 - Updated RG\Retro Game\Retro Game\obj\Bullet.obj
C:\Users\nicholas.smith\Perforce\nicholas.smith_AIE-GREEN-26_6739\2013_year1\assessments\nicholas.smith\Assesment 3 - Updated RG\Retro Game\Retro Game\obj\Collision.obj
C:\Users\nicholas.smith\Perforce\nicholas.smith_AIE-GREEN-26_6739\2013_year1\assessments\nicholas.smith\Assesment 3 - Updated RG\Retro Game\Retro Game\obj\CreditsState.obj
C:\Users\nicholas.smith\Perforce\nicholas.smith_AIE-GREEN-26_6739\2013_year1\assessments\nicholas.smith\Assesment 3 - Updated RG\Retro Game\Retro Game\obj\Enemy.obj
C:\Users\nicholas.smith\Perforce\nicholas.smith_AIE-GREEN-26_6739\2013_year1\assessments\nicholas.smith\Assesment 3 - Updated RG\Retro Game\Retro Game\obj\EnemyManager.obj
C:\Users\nicholas.smith\Perforce\nicholas.smith_AIE-GREEN-26_6739\2013_year1\assessments\nicholas.smith\Assesment 3 - Updated RG\Retro Game\Retro Game\obj\Entity.obj
C:\Users\nicholas.smith\Perforce\nicholas.smith_AIE-GREEN-26_6739\2013_year1\assessments\nicholas.smith\Assesment 3 - Updated RG\Retro Game\Retro Game\obj\FIghterJet.obj
C:\Users\nicholas.smith\Perforce\nicholas.smith_AIE-GREEN-26_6739\2013_year1\assessments\nicholas.smith\Assesment 3 - Updated RG\Retro Game\Retro Game\obj\GameEnd.obj
C:\Users\nicholas.smith\Perforce\nicholas.smith_AIE-GREEN-26_6739\2013_year1\assessments\nicholas.smith\Assesment 3 - Updated RG\Retro Game\Retro Game\obj\GameOverState.obj
C:\Users\nicholas.smith\Perforce\nicholas.smith_AIE-GREEN-26_6739\2013_year1\assessments\nicholas.smith\Assesment 3 - Updated RG\Retro Game\Retro Game\obj\GameState.obj
C:\Users\nicholas.smith\Perforce\nicholas.smith_AIE-GREEN-26_6739\2013_year1\assessments\nicholas.smith\Assesment 3 - Updated RG\Retro Game\Retro Game\obj\HighScoresState.obj
C:\Users\nicholas.smith\Perforce\nicholas.smith_AIE-GREEN-26_6739\2013_year1\assessments\nicholas.smith\Assesment 3 - Updated RG\Retro Game\Retro Game\obj\InputHandler.obj
C:\Users\nicholas.smith\Perforce\nicholas.smith_AIE-GREEN-26_6739\2013_year1\assessments\nicholas.smith\Assesment 3 - Updated RG\Retro Game\Retro Game\obj\Level.obj
C:\Users\nicholas.smith\Perforce\nicholas.smith_AIE-GREEN-26_6739\2013_year1\assessments\nicholas.smith\Assesment 3 - Updated RG\Retro Game\Retro Game\obj\main.obj
C:\Users\nicholas.smith\Perforce\nicholas.smith_AIE-GREEN-26_6739\2013_year1\assessments\nicholas.smith\Assesment 3 - Updated RG\Retro Game\Retro Game\obj\MainMenu.obj
C:\Users\nicholas.smith\Perforce\nicholas.smith_AIE-GREEN-26_6739\2013_year1\assessments\nicholas.smith\Assesment 3 - Updated RG\Retro Game\Retro Game\obj\Player.obj
C:\Users\nicholas.smith\Perforce\nicholas.smith_AIE-GREEN-26_6739\2013_year1\assessments\nicholas.smith\Assesment 3 - Updated RG\Retro Game\Retro Game\obj\SplashScreen.obj
C:\Users\nicholas.smith\Perforce\nicholas.smith_AIE-GREEN-26_6739\2013_year1\assessments\nicholas.smith\Assesment 3 - Updated RG\Retro Game\Retro Game\obj\Sprites.obj
C:\Users\nicholas.smith\Perforce\nicholas.smith_AIE-GREEN-26_6739\2013_year1\assessments\nicholas.smith\Assesment 3 - Updated RG\Retro Game\Retro Game\obj\State.obj
C:\Users\nicholas.smith\Perforce\nicholas.smith_AIE-GREEN-26_6739\2013_year1\assessments\nicholas.smith\Assesment 3 - Updated RG\Retro Game\Retro Game\obj\StateManager.obj
C:\Users\nicholas.smith\Perforce\nicholas.smith_AIE-GREEN-26_6739\2013_year1\assessments\nicholas.smith\Assesment 3 - Updated RG\Retro Game\Retro Game\obj\cl.command.1.tlog
C:\Users\nicholas.smith\Perforce\nicholas.smith_AIE-GREEN-26_6739\2013_year1\assessments\nicholas.smith\Assesment 3 - Updated RG\Retro Game\Retro Game\obj\CL.read.1.tlog
C:\Users\nicholas.smith\Perforce\nicholas.smith_AIE-GREEN-26_6739\2013_year1\assessments\nicholas.smith\Assesment 3 - Updated RG\Retro Game\Retro Game\obj\CL.write.1.tlog
C:\Users\nicholas.smith\Perforce\nicholas.smith_AIE-GREEN-26_6739\2013_year1\assessments\nicholas.smith\Assesment 3 - Updated RG\Retro Game\Retro Game\obj\link.command.1.tlog
C:\Users\nicholas.smith\Perforce\nicholas.smith_AIE-GREEN-26_6739\2013_year1\assessments\nicholas.smith\Assesment 3 - Updated RG\Retro Game\Retro Game\obj\link.read.1.tlog
C:\Users\nicholas.smith\Perforce\nicholas.smith_AIE-GREEN-26_6739\2013_year1\assessments\nicholas.smith\Assesment 3 - Updated RG\Retro Game\Retro Game\obj\link.write.1.tlog
C:\Users\nicholas.smith\Perforce\nicholas.smith_AIE-GREEN-26_6739\2013_year1\assessments\nicholas.smith\Assesment 3 - Updated RG\Retro Game\Retro Game\obj\mt.command.1.tlog
C:\Users\nicholas.smith\Perforce\nicholas.smith_AIE-GREEN-26_6739\2013_year1\assessments\nicholas.smith\Assesment 3 - Updated RG\Retro Game\Retro Game\obj\mt.read.1.tlog
C:\Users\nicholas.smith\Perforce\nicholas.smith_AIE-GREEN-26_6739\2013_year1\assessments\nicholas.smith\Assesment 3 - Updated RG\Retro Game\Retro Game\obj\mt.write.1.tlog
C:\Users\nicholas.smith\Perforce\nicholas.smith_AIE-GREEN-26_6739\2013_year1\assessments\nicholas.smith\Assesment 3 - Updated RG\Retro Game\Retro Game\obj\NativeCodeAnalysis.read.1.tlog
C:\Users\nicholas.smith\Perforce\nicholas.smith_AIE-GREEN-26_6739\2013_year1\assessments\nicholas.smith\Assesment 3 - Updated RG\Retro Game\Retro Game\obj\Retro Game.exe.intermediate.manifest
C:\Users\nicholas.smith\Perforce\nicholas.smith_AIE-GREEN-26_6739\2013_year1\assessments\nicholas.smith\Assesment 3 - Updated RG\Retro Game\Retro Game\obj\Retro Game_d.exe.intermediate.manifest
C:\Users\nicholas.smith\Perforce\nicholas.smith_AIE-GREEN-26_6739\2013_year1\assessments\nicholas.smith\Assesment 3 - Updated RG\Retro Game\Retro Game\obj\vc110.idb
C:\Users\nicholas.smith\Perforce\nicholas.smith_AIE-GREEN-26_6739\2013_year1\assessments\nicholas.smith\Assesment 3 - Updated RG\Retro Game\Retro Game\obj\vc110.pdb
C:\Users\nicholas.smith\Perforce\nicholas.smith_AIE-GREEN-26_6739\2013_year1\assessments\nicholas.smith\Assesment 3 - Updated RG\Retro Game\Retro Game\obj\BomberJet.cpp.nativecodeanalysis.xml
C:\Users\nicholas.smith\Perforce\nicholas.smith_AIE-GREEN-26_6739\2013_year1\assessments\nicholas.smith\Assesment 3 - Updated RG\Retro Game\Retro Game\obj\Bullet.cpp.nativecodeanalysis.xml
C:\Users\nicholas.smith\Perforce\nicholas.smith_AIE-GREEN-26_6739\2013_year1\assessments\nicholas.smith\Assesment 3 - Updated RG\Retro Game\Retro Game\obj\Collision.cpp.nativecodeanalysis.xml
C:\Users\nicholas.smith\Perforce\nicholas.smith_AIE-GREEN-26_6739\2013_year1\assessments\nicholas.smith\Assesment 3 - Updated RG\Retro Game\Retro Game\obj\CreditsState.cpp.nativecodeanalysis.xml
C:\Users\nicholas.smith\Perforce\nicholas.smith_AIE-GREEN-26_6739\2013_year1\assessments\nicholas.smith\Assesment 3 - Updated RG\Retro Game\Retro Game\obj\Enemy.cpp.nativecodeanalysis.xml
C:\Users\nicholas.smith\Perforce\nicholas.smith_AIE-GREEN-26_6739\2013_year1\assessments\nicholas.smith\Assesment 3 - Updated RG\Retro Game\Retro Game\obj\EnemyManager.cpp.nativecodeanalysis.xml
C:\Users\nicholas.smith\Perforce\nicholas.smith_AIE-GREEN-26_6739\2013_year1\assessments\nicholas.smith\Assesment 3 - Updated RG\Retro Game\Retro Game\obj\Entity.cpp.nativecodeanalysis.xml
C:\Users\nicholas.smith\Perforce\nicholas.smith_AIE-GREEN-26_6739\2013_year1\assessments\nicholas.smith\Assesment 3 - Updated RG\Retro Game\Retro Game\obj\FIghterJet.cpp.nativecodeanalysis.xml
C:\Users\nicholas.smith\Perforce\nicholas.smith_AIE-GREEN-26_6739\2013_year1\assessments\nicholas.smith\Assesment 3 - Updated RG\Retro Game\Retro Game\obj\GameEnd.cpp.nativecodeanalysis.xml
C:\Users\nicholas.smith\Perforce\nicholas.smith_AIE-GREEN-26_6739\2013_year1\assessments\nicholas.smith\Assesment 3 - Updated RG\Retro Game\Retro Game\obj\GameOverState.cpp.nativecodeanalysis.xml
C:\Users\nicholas.smith\Perforce\nicholas.smith_AIE-GREEN-26_6739\2013_year1\assessments\nicholas.smith\Assesment 3 - Updated RG\Retro Game\Retro Game\obj\GameState.cpp.nativecodeanalysis.xml
C:\Users\nicholas.smith\Perforce\nicholas.smith_AIE-GREEN-26_6739\2013_year1\assessments\nicholas.smith\Assesment 3 - Updated RG\Retro Game\Retro Game\obj\HighScoresState.cpp.nativecodeanalysis.xml
C:\Users\nicholas.smith\Perforce\nicholas.smith_AIE-GREEN-26_6739\2013_year1\assessments\nicholas.smith\Assesment 3 - Updated RG\Retro Game\Retro Game\obj\InputHandler.cpp.nativecodeanalysis.xml
C:\Users\nicholas.smith\Perforce\nicholas.smith_AIE-GREEN-26_6739\2013_year1\assessments\nicholas.smith\Assesment 3 - Updated RG\Retro Game\Retro Game\obj\Level.cpp.nativecodeanalysis.xml
C:\Users\nicholas.smith\Perforce\nicholas.smith_AIE-GREEN-26_6739\2013_year1\assessments\nicholas.smith\Assesment 3 - Updated RG\Retro Game\Retro Game\obj\main.cpp.nativecodeanalysis.xml
C:\Users\nicholas.smith\Perforce\nicholas.smith_AIE-GREEN-26_6739\2013_year1\assessments\nicholas.smith\Assesment 3 - Updated RG\Retro Game\Retro Game\obj\MainMenu.cpp.nativecodeanalysis.xml
C:\Users\nicholas.smith\Perforce\nicholas.smith_AIE-GREEN-26_6739\2013_year1\assessments\nicholas.smith\Assesment 3 - Updated RG\Retro Game\Retro Game\obj\Player.cpp.nativecodeanalysis.xml
C:\Users\nicholas.smith\Perforce\nicholas.smith_AIE-GREEN-26_6739\2013_year1\assessments\nicholas.smith\Assesment 3 - Updated RG\Retro Game\Retro Game\obj\SplashScreen.cpp.nativecodeanalysis.xml
C:\Users\nicholas.smith\Perforce\nicholas.smith_AIE-GREEN-26_6739\2013_year1\assessments\nicholas.smith\Assesment 3 - Updated RG\Retro Game\Retro Game\obj\Sprites.cpp.nativecodeanalysis.xml
C:\Users\nicholas.smith\Perforce\nicholas.smith_AIE-GREEN-26_6739\2013_year1\assessments\nicholas.smith\Assesment 3 - Updated RG\Retro Game\Retro Game\obj\State.cpp.nativecodeanalysis.xml
C:\Users\nicholas.smith\Perforce\nicholas.smith_AIE-GREEN-26_6739\2013_year1\assessments\nicholas.smith\Assesment 3 - Updated RG\Retro Game\Retro Game\obj\StateManager.cpp.nativecodeanalysis.xml
C:\Users\nicholas.smith\Perforce\nicholas.smith_AIE-GREEN-26_6739\2013_year1\assessments\nicholas.smith\Assesment 3 - Updated RG\Retro Game\Retro Game\obj\vc.nativecodeanalysis.all.xml
C:\Users\nicholas.smith\Perforce\nicholas.smith_AIE-GREEN-26_6739\2013_year1\assessments\nicholas.smith\Assesment 3 - Updated RG\Retro Game\Retro Game\bin\Retro Game.exe.manifest
C:\Users\nicholas.smith\Perforce\nicholas.smith_AIE-GREEN-26_6739\2013_year1\assessments\nicholas.smith\Assesment 3 - Updated RG\Retro Game\Retro Game\bin\Retro Game.exe
